#-----------------------------------------------------------
# Vivado v2018.2 (64-bit)
# SW Build 2258646 on Thu Jun 14 20:03:12 MDT 2018
# IP Build 2256618 on Thu Jun 14 22:10:49 MDT 2018
# Start of session at: Thu Sep 27 13:31:38 2018
# Process ID: 13832
# Current directory: C:/Users/user/YandexDisk/labs/apvmis/Lab_1/project_1
# Command line: vivado.exe -gui_launcher_event rodinguilauncherevent7528 C:\Users\user\YandexDisk\labs\apvmis\Lab_1\project_1\project_1.xpr
# Log file: C:/Users/user/YandexDisk/labs/apvmis/Lab_1/project_1/vivado.log
# Journal file: C:/Users/user/YandexDisk/labs/apvmis/Lab_1/project_1\vivado.jou
#-----------------------------------------------------------
start_gui
open_project C:/Users/user/YandexDisk/labs/apvmis/Lab_1/project_1/project_1.xpr
INFO: [Project 1-313] Project file moved from 'C:/Users/Administrator/Desktop/project_1' since last save.
Scanning sources...
Finished scanning sources
INFO: [Project 1-230] Project 'project_1.xpr' upgraded for this version of Vivado.
INFO: [IP_Flow 19-234] Refreshing IP repositories
INFO: [IP_Flow 19-1704] No user IP repositories specified
INFO: [IP_Flow 19-2313] Loaded Vivado IP repository 'C:/Xilinx/Vivado/2018.2/data/ip'.
open_project: Time (s): cpu = 00:00:24 ; elapsed = 00:00:15 . Memory (MB): peak = 763.609 ; gain = 96.824
update_compile_order -fileset sources_1
exit
INFO: [Common 17-206] Exiting Vivado at Thu Sep 27 13:32:47 2018...
